c:\users\kiozune\documents\github\sp3-2.0\studioproject\release\vc141.pdb
c:\users\kiozune\documents\github\sp3-2.0\studioproject\release\resultobject.obj
c:\users\kiozune\documents\github\sp3-2.0\studioproject\release\physicsobject.obj
c:\users\kiozune\documents\github\sp3-2.0\studioproject\release\moleobject.obj
c:\users\kiozune\documents\github\sp3-2.0\studioproject\release\menuobject.obj
c:\users\kiozune\documents\github\sp3-2.0\studioproject\release\mazeobject.obj
c:\users\kiozune\documents\github\sp3-2.0\studioproject\release\mainmenuobject.obj
c:\users\kiozune\documents\github\sp3-2.0\studioproject\release\itemobject.obj
c:\users\kiozune\documents\github\sp3-2.0\studioproject\release\gameobject.obj
c:\users\kiozune\documents\github\sp3-2.0\studioproject\release\frogobject.obj
c:\users\kiozune\documents\github\sp3-2.0\studioproject\release\characterobject.obj
c:\users\kiozune\documents\github\sp3-2.0\studioproject\release\shader.obj
c:\users\kiozune\documents\github\sp3-2.0\studioproject\release\particles.obj
c:\users\kiozune\documents\github\sp3-2.0\studioproject\release\meshbuilder.obj
c:\users\kiozune\documents\github\sp3-2.0\studioproject\release\mesh.obj
c:\users\kiozune\documents\github\sp3-2.0\studioproject\release\loadtga.obj
c:\users\kiozune\documents\github\sp3-2.0\studioproject\release\loadobj.obj
c:\users\kiozune\documents\github\sp3-2.0\studioproject\release\mazegenerator.obj
c:\users\kiozune\documents\github\sp3-2.0\studioproject\release\main.obj
c:\users\kiozune\documents\github\sp3-2.0\studioproject\release\camera.obj
c:\users\kiozune\documents\github\sp3-2.0\studioproject\release\application.obj
c:\users\kiozune\documents\github\sp3-2.0\studioproject\release\utility.obj
c:\users\kiozune\documents\github\sp3-2.0\studioproject\release\spriteanimation.obj
c:\users\kiozune\documents\github\sp3-2.0\studioproject\release\soundengine.obj
c:\users\kiozune\documents\github\sp3-2.0\studioproject\release\tankobject.obj
c:\users\kiozune\documents\github\sp3-2.0\studioproject\release\subtankobject.obj
c:\users\kiozune\documents\github\sp3-2.0\studioproject\release\studioprojectscene.obj
c:\users\kiozune\documents\github\sp3-2.0\studioproject\release\statmanager.obj
c:\users\kiozune\documents\github\sp3-2.0\studioproject\release\sheepobject.obj
c:\users\kiozune\documents\github\sp3-2.0\studioproject\release\sheepgame.obj
c:\users\kiozune\documents\github\sp3-2.0\studioproject\release\screen.obj
c:\users\kiozune\documents\github\sp3-2.0\studioproject\release\scenetank.obj
c:\users\kiozune\documents\github\sp3-2.0\studioproject\release\scenemole.obj
c:\users\kiozune\documents\github\sp3-2.0\studioproject\release\scenemaze.obj
c:\users\kiozune\documents\github\sp3-2.0\studioproject\release\scenemainmenu.obj
c:\users\kiozune\documents\github\sp3-2.0\studioproject\release\scenefrog.obj
c:\users\kiozune\documents\github\sp3-2.0\studioproject\release\scenebase.obj
c:\users\kiozune\documents\github\sp3-2.0\studioproject\release\results.obj
c:\users\kiozune\documents\github\sp3-2.0\release\studio project.exe
c:\users\kiozune\documents\github\sp3-2.0\release\studio project.pdb
c:\users\kiozune\documents\github\sp3-2.0\release\studio project.ipdb
c:\users\kiozune\documents\github\sp3-2.0\release\studio project.iobj
c:\users\kiozune\documents\github\sp3-2.0\studioproject\release\studio project.tlog\cl.command.1.tlog
c:\users\kiozune\documents\github\sp3-2.0\studioproject\release\studio project.tlog\cl.read.1.tlog
c:\users\kiozune\documents\github\sp3-2.0\studioproject\release\studio project.tlog\cl.write.1.tlog
c:\users\kiozune\documents\github\sp3-2.0\studioproject\release\studio project.tlog\link.command.1.tlog
c:\users\kiozune\documents\github\sp3-2.0\studioproject\release\studio project.tlog\link.read.1.tlog
c:\users\kiozune\documents\github\sp3-2.0\studioproject\release\studio project.tlog\link.write.1.tlog
c:\users\kiozune\documents\github\sp3-2.0\studioproject\release\studio project.tlog\studio project.write.1u.tlog
