  Application.cpp
  Camera.cpp
  main.cpp
  MazeGenerator.cpp
  LoadOBJ.cpp
  LoadTGA.cpp
  Mesh.cpp
  MeshBuilder.cpp
c:\users\zheng hong\documents\sp3-2.0\studioproject\source\rendering\meshbuilder.cpp(146): warning C4244: 'argument': conversion from 'double' to 'float', possible loss of data
c:\users\zheng hong\documents\sp3-2.0\studioproject\source\rendering\meshbuilder.cpp(510): warning C4018: '<': signed/unsigned mismatch
c:\users\zheng hong\documents\sp3-2.0\studioproject\source\rendering\meshbuilder.cpp(512): warning C4018: '<': signed/unsigned mismatch
  Particles.cpp
  shader.cpp
  CharacterObject.cpp
c:\users\zheng hong\documents\sp3-2.0\studioproject\source\scenes\characterobject.cpp(46): warning C4244: '+=': conversion from 'double' to 'float', possible loss of data
c:\users\zheng hong\documents\sp3-2.0\studioproject\source\scenes\characterobject.cpp(50): warning C4244: '-=': conversion from 'double' to 'float', possible loss of data
c:\users\zheng hong\documents\sp3-2.0\studioproject\source\scenes\characterobject.cpp(58): warning C4244: '-=': conversion from 'double' to 'float', possible loss of data
c:\users\zheng hong\documents\sp3-2.0\studioproject\source\scenes\characterobject.cpp(66): warning C4244: '+=': conversion from 'double' to 'float', possible loss of data
  GameObject.cpp
  MazeObject.cpp
  MoleObject.cpp
  PhysicsObject.cpp
  SceneBase.cpp
  SceneMaze.cpp
c:\users\zheng hong\documents\sp3-2.0\studioproject\source\scenes\scenemaze.cpp(51): warning C4244: 'argument': conversion from 'double' to 'float', possible loss of data
c:\users\zheng hong\documents\sp3-2.0\studioproject\source\scenes\scenemaze.cpp(57): warning C4244: 'argument': conversion from 'double' to 'float', possible loss of data
c:\users\zheng hong\documents\sp3-2.0\studioproject\source\scenes\scenemaze.cpp(95): warning C4244: 'argument': conversion from 'double' to 'float', possible loss of data
c:\users\zheng hong\documents\sp3-2.0\studioproject\source\scenes\scenemaze.cpp(98): warning C4244: 'argument': conversion from 'double' to 'float', possible loss of data
c:\users\zheng hong\documents\sp3-2.0\studioproject\source\scenes\scenemaze.cpp(196): warning C4244: '+=': conversion from 'double' to 'float', possible loss of data
c:\users\zheng hong\documents\sp3-2.0\studioproject\source\scenes\scenemaze.cpp(198): warning C4305: 'argument': truncation from 'double' to 'float'
c:\users\zheng hong\documents\sp3-2.0\studioproject\source\scenes\scenemaze.cpp(198): warning C4244: 'argument': conversion from 'double' to 'float', possible loss of data
c:\users\zheng hong\documents\sp3-2.0\studioproject\source\scenes\scenemaze.cpp(199): warning C4244: 'argument': conversion from 'double' to 'float', possible loss of data
c:\users\zheng hong\documents\sp3-2.0\studioproject\source\scenes\scenemaze.cpp(200): warning C4244: '+=': conversion from 'double' to 'float', possible loss of data
  SceneMole.cpp
c:\users\zheng hong\documents\sp3-2.0\studioproject\source\scenes\scenemole.cpp(122): warning C4244: '-=': conversion from 'double' to 'float', possible loss of data
c:\users\zheng hong\documents\sp3-2.0\studioproject\source\scenes\scenemole.cpp(132): warning C4390: ';': empty controlled statement found; is this the intent?
c:\users\zheng hong\documents\sp3-2.0\studioproject\source\scenes\scenemole.cpp(213): warning C4244: '-=': conversion from 'double' to 'float', possible loss of data
c:\users\zheng hong\documents\sp3-2.0\studioproject\source\scenes\scenemole.cpp(338): warning C4018: '<': signed/unsigned mismatch
c:\users\zheng hong\documents\sp3-2.0\studioproject\source\scenes\scenemole.cpp(367): warning C4244: '-=': conversion from 'double' to 'float', possible loss of data
c:\users\zheng hong\documents\sp3-2.0\studioproject\source\scenes\scenemole.cpp(405): warning C4244: '-=': conversion from 'double' to 'float', possible loss of data
c:\users\zheng hong\documents\sp3-2.0\studioproject\source\scenes\scenemole.cpp(489): warning C4244: '+=': conversion from 'float' to 'int', possible loss of data
  StudioProjectScene.cpp
c:\users\zheng hong\documents\sp3-2.0\studioproject\source\scenes\studioprojectscene.cpp(114): warning C4305: 'argument': truncation from 'double' to 'float'
c:\users\zheng hong\documents\sp3-2.0\studioproject\source\scenes\studioprojectscene.cpp(408): warning C4244: '-=': conversion from 'double' to 'float', possible loss of data
c:\users\zheng hong\documents\sp3-2.0\studioproject\source\scenes\studioprojectscene.cpp(413): warning C4244: '-=': conversion from 'double' to 'float', possible loss of data
c:\users\zheng hong\documents\sp3-2.0\studioproject\source\scenes\studioprojectscene.cpp(461): warning C4244: '-=': conversion from 'double' to 'float', possible loss of data
c:\users\zheng hong\documents\sp3-2.0\studioproject\source\scenes\studioprojectscene.cpp(668): warning C4018: '<': signed/unsigned mismatch
  SpriteAnimation.cpp
  Generating Code...
  Compiling...
  Utility.cpp
  Generating Code...
LINK : warning LNK4098: defaultlib 'MSVCRT' conflicts with use of other libs; use /NODEFAULTLIB:library
  StudioProject.vcxproj -> C:\Users\Zheng Hong\Documents\SP3-2.0\Debug\Studio Project.exe
