c:\users\kiozune\documents\github\sp3-2.0\studioproject\debug\vc141.pdb
c:\users\kiozune\documents\github\sp3-2.0\studioproject\debug\vc141.idb
c:\users\kiozune\documents\github\sp3-2.0\studioproject\debug\resultobject.obj
c:\users\kiozune\documents\github\sp3-2.0\studioproject\debug\physicsobject.obj
c:\users\kiozune\documents\github\sp3-2.0\studioproject\debug\moleobject.obj
c:\users\kiozune\documents\github\sp3-2.0\studioproject\debug\menuobject.obj
c:\users\kiozune\documents\github\sp3-2.0\studioproject\debug\mazeobject.obj
c:\users\kiozune\documents\github\sp3-2.0\studioproject\debug\mainmenuobject.obj
c:\users\kiozune\documents\github\sp3-2.0\studioproject\debug\itemobject.obj
c:\users\kiozune\documents\github\sp3-2.0\studioproject\debug\gameobject.obj
c:\users\kiozune\documents\github\sp3-2.0\studioproject\debug\frogobject.obj
c:\users\kiozune\documents\github\sp3-2.0\studioproject\debug\characterobject.obj
c:\users\kiozune\documents\github\sp3-2.0\studioproject\debug\shader.obj
c:\users\kiozune\documents\github\sp3-2.0\studioproject\debug\particles.obj
c:\users\kiozune\documents\github\sp3-2.0\studioproject\debug\meshbuilder.obj
c:\users\kiozune\documents\github\sp3-2.0\studioproject\debug\mesh.obj
c:\users\kiozune\documents\github\sp3-2.0\studioproject\debug\loadtga.obj
c:\users\kiozune\documents\github\sp3-2.0\studioproject\debug\loadobj.obj
c:\users\kiozune\documents\github\sp3-2.0\studioproject\debug\mazegenerator.obj
c:\users\kiozune\documents\github\sp3-2.0\studioproject\debug\main.obj
c:\users\kiozune\documents\github\sp3-2.0\studioproject\debug\camera.obj
c:\users\kiozune\documents\github\sp3-2.0\studioproject\debug\application.obj
c:\users\kiozune\documents\github\sp3-2.0\studioproject\debug\utility.obj
c:\users\kiozune\documents\github\sp3-2.0\studioproject\debug\spriteanimation.obj
c:\users\kiozune\documents\github\sp3-2.0\studioproject\debug\soundengine.obj
c:\users\kiozune\documents\github\sp3-2.0\studioproject\debug\tankobject.obj
c:\users\kiozune\documents\github\sp3-2.0\studioproject\debug\subtankobject.obj
c:\users\kiozune\documents\github\sp3-2.0\studioproject\debug\studioprojectscene.obj
c:\users\kiozune\documents\github\sp3-2.0\studioproject\debug\statmanager.obj
c:\users\kiozune\documents\github\sp3-2.0\studioproject\debug\sheepobject.obj
c:\users\kiozune\documents\github\sp3-2.0\studioproject\debug\sheepgame.obj
c:\users\kiozune\documents\github\sp3-2.0\studioproject\debug\screen.obj
c:\users\kiozune\documents\github\sp3-2.0\studioproject\debug\scenetank.obj
c:\users\kiozune\documents\github\sp3-2.0\studioproject\debug\scenemole.obj
c:\users\kiozune\documents\github\sp3-2.0\studioproject\debug\scenemaze.obj
c:\users\kiozune\documents\github\sp3-2.0\studioproject\debug\scenemainmenu.obj
c:\users\kiozune\documents\github\sp3-2.0\studioproject\debug\scenefrog.obj
c:\users\kiozune\documents\github\sp3-2.0\studioproject\debug\scenebase.obj
c:\users\kiozune\documents\github\sp3-2.0\studioproject\debug\results.obj
c:\users\kiozune\documents\github\sp3-2.0\debug\studio project.exe
c:\users\kiozune\documents\github\sp3-2.0\debug\studio project.ilk
c:\users\kiozune\documents\github\sp3-2.0\debug\studio project.pdb
c:\users\kiozune\documents\github\sp3-2.0\studioproject\debug\studio project.tlog\cl.command.1.tlog
c:\users\kiozune\documents\github\sp3-2.0\studioproject\debug\studio project.tlog\cl.read.1.tlog
c:\users\kiozune\documents\github\sp3-2.0\studioproject\debug\studio project.tlog\cl.write.1.tlog
c:\users\kiozune\documents\github\sp3-2.0\studioproject\debug\studio project.tlog\link.command.1.tlog
c:\users\kiozune\documents\github\sp3-2.0\studioproject\debug\studio project.tlog\link.read.1.tlog
c:\users\kiozune\documents\github\sp3-2.0\studioproject\debug\studio project.tlog\link.write.1.tlog
