c:\users\mikc\desktop\sp3\sp3-2.0\studioproject\x64\debug\vc141.pdb
c:\users\mikc\desktop\sp3\sp3-2.0\studioproject\x64\debug\vc141.idb
c:\users\mikc\desktop\sp3\sp3-2.0\studioproject\x64\debug\results.obj
c:\users\mikc\desktop\sp3\sp3-2.0\studioproject\x64\debug\resultobject.obj
c:\users\mikc\desktop\sp3\sp3-2.0\studioproject\x64\debug\physicsobject.obj
c:\users\mikc\desktop\sp3\sp3-2.0\studioproject\x64\debug\moleobject.obj
c:\users\mikc\desktop\sp3\sp3-2.0\studioproject\x64\debug\mazeobject.obj
c:\users\mikc\desktop\sp3\sp3-2.0\studioproject\x64\debug\gameobject.obj
c:\users\mikc\desktop\sp3\sp3-2.0\studioproject\x64\debug\frogobject.obj
c:\users\mikc\desktop\sp3\sp3-2.0\studioproject\x64\debug\characterobject.obj
c:\users\mikc\desktop\sp3\sp3-2.0\studioproject\x64\debug\shader.obj
c:\users\mikc\desktop\sp3\sp3-2.0\studioproject\x64\debug\particles.obj
c:\users\mikc\desktop\sp3\sp3-2.0\studioproject\x64\debug\meshbuilder.obj
c:\users\mikc\desktop\sp3\sp3-2.0\studioproject\x64\debug\mesh.obj
c:\users\mikc\desktop\sp3\sp3-2.0\studioproject\x64\debug\loadtga.obj
c:\users\mikc\desktop\sp3\sp3-2.0\studioproject\x64\debug\loadobj.obj
c:\users\mikc\desktop\sp3\sp3-2.0\studioproject\x64\debug\mazegenerator.obj
c:\users\mikc\desktop\sp3\sp3-2.0\studioproject\x64\debug\main.obj
c:\users\mikc\desktop\sp3\sp3-2.0\studioproject\x64\debug\camera.obj
c:\users\mikc\desktop\sp3\sp3-2.0\studioproject\x64\debug\application.obj
c:\users\mikc\desktop\sp3\sp3-2.0\studioproject\x64\debug\sheepobject.obj
c:\users\mikc\desktop\sp3\sp3-2.0\studioproject\x64\debug\sheepgame.obj
c:\users\mikc\desktop\sp3\sp3-2.0\studioproject\x64\debug\utility.obj
c:\users\mikc\desktop\sp3\sp3-2.0\studioproject\x64\debug\spriteanimation.obj
c:\users\mikc\desktop\sp3\sp3-2.0\studioproject\x64\debug\tankobject.obj
c:\users\mikc\desktop\sp3\sp3-2.0\studioproject\x64\debug\subtankobject.obj
c:\users\mikc\desktop\sp3\sp3-2.0\studioproject\x64\debug\studioprojectscene.obj
c:\users\mikc\desktop\sp3\sp3-2.0\studioproject\x64\debug\statmanager.obj
c:\users\mikc\desktop\sp3\sp3-2.0\studioproject\x64\debug\scenetank.obj
c:\users\mikc\desktop\sp3\sp3-2.0\studioproject\x64\debug\scenemole.obj
c:\users\mikc\desktop\sp3\sp3-2.0\studioproject\x64\debug\scenemaze.obj
c:\users\mikc\desktop\sp3\sp3-2.0\studioproject\x64\debug\scenebase.obj
c:\users\mikc\desktop\sp3\sp3-2.0\studioproject\x64\debug\scenefrog.obj
c:\users\kiozune\documents\github\sp3-2.0\studioproject\x64\debug\vc141.pdb
c:\users\kiozune\documents\github\sp3-2.0\studioproject\x64\debug\vc141.idb
c:\users\kiozune\documents\github\sp3-2.0\studioproject\x64\debug\resultobject.obj
c:\users\kiozune\documents\github\sp3-2.0\studioproject\x64\debug\physicsobject.obj
c:\users\kiozune\documents\github\sp3-2.0\studioproject\x64\debug\menuobject.obj
c:\users\kiozune\documents\github\sp3-2.0\studioproject\x64\debug\mazeobject.obj
c:\users\kiozune\documents\github\sp3-2.0\studioproject\x64\debug\itemobject.obj
c:\users\kiozune\documents\github\sp3-2.0\studioproject\x64\debug\gameobject.obj
c:\users\kiozune\documents\github\sp3-2.0\studioproject\x64\debug\shader.obj
c:\users\kiozune\documents\github\sp3-2.0\studioproject\x64\debug\particles.obj
c:\users\kiozune\documents\github\sp3-2.0\studioproject\x64\debug\meshbuilder.obj
c:\users\kiozune\documents\github\sp3-2.0\studioproject\x64\debug\mesh.obj
c:\users\kiozune\documents\github\sp3-2.0\studioproject\x64\debug\loadtga.obj
c:\users\kiozune\documents\github\sp3-2.0\studioproject\x64\debug\loadobj.obj
c:\users\kiozune\documents\github\sp3-2.0\studioproject\x64\debug\mazegenerator.obj
c:\users\kiozune\documents\github\sp3-2.0\studioproject\x64\debug\main.obj
c:\users\kiozune\documents\github\sp3-2.0\studioproject\x64\debug\camera.obj
c:\users\kiozune\documents\github\sp3-2.0\studioproject\x64\debug\utility.obj
c:\users\kiozune\documents\github\sp3-2.0\studioproject\x64\debug\spriteanimation.obj
c:\users\kiozune\documents\github\sp3-2.0\studioproject\x64\debug\statmanager.obj
c:\users\kiozune\documents\github\sp3-2.0\studioproject\x64\debug\sheepobject.obj
c:\users\kiozune\documents\github\sp3-2.0\studioproject\x64\debug\screen.obj
c:\users\kiozune\documents\github\sp3-2.0\studioproject\x64\debug\scenebase.obj
c:\users\kiozune\documents\github\sp3-2.0\studioproject\x64\debug\results.obj
c:\users\kiozune\documents\github\sp3-2.0\studioproject\x64\debug\characterobject.obj
c:\users\kiozune\documents\github\sp3-2.0\studioproject\x64\debug\moleobject.obj
c:\users\kiozune\documents\github\sp3-2.0\studioproject\x64\debug\scenefrog.obj
c:\users\kiozune\documents\github\sp3-2.0\studioproject\x64\debug\sheepgame.obj
c:\users\kiozune\documents\github\sp3-2.0\studioproject\x64\debug\studioprojectscene.obj
c:\users\kiozune\documents\github\sp3-2.0\studioproject\x64\debug\application.obj
c:\users\kiozune\documents\github\sp3-2.0\studioproject\x64\debug\frogobject.obj
c:\users\kiozune\documents\github\sp3-2.0\studioproject\x64\debug\scenemaze.obj
c:\users\kiozune\documents\github\sp3-2.0\studioproject\x64\debug\scenemole.obj
c:\users\kiozune\documents\github\sp3-2.0\studioproject\x64\debug\scenetank.obj
c:\users\kiozune\documents\github\sp3-2.0\studioproject\x64\debug\subtankobject.obj
c:\users\kiozune\documents\github\sp3-2.0\studioproject\x64\debug\tankobject.obj
c:\users\kiozune\documents\github\sp3-2.0\studioproject\x64\debug\studio project.tlog\cl.command.1.tlog
c:\users\kiozune\documents\github\sp3-2.0\studioproject\x64\debug\studio project.tlog\cl.read.1.tlog
c:\users\kiozune\documents\github\sp3-2.0\studioproject\x64\debug\studio project.tlog\cl.write.1.tlog
c:\users\kiozune\documents\github\sp3-2.0\studioproject\x64\debug\studio project.tlog\link-cvtres.read.1.tlog
c:\users\kiozune\documents\github\sp3-2.0\studioproject\x64\debug\studio project.tlog\link-cvtres.write.1.tlog
c:\users\kiozune\documents\github\sp3-2.0\studioproject\x64\debug\studio project.tlog\link-rc.read.1.tlog
c:\users\kiozune\documents\github\sp3-2.0\studioproject\x64\debug\studio project.tlog\link-rc.write.1.tlog
c:\users\kiozune\documents\github\sp3-2.0\studioproject\x64\debug\studio project.tlog\link.command.1.tlog
c:\users\kiozune\documents\github\sp3-2.0\studioproject\x64\debug\studio project.tlog\link.read.1.tlog
c:\users\kiozune\documents\github\sp3-2.0\studioproject\x64\debug\studio project.tlog\link.write.1.tlog
