  SheepGame.cpp
c:\users\mikc\desktop\sp3\sp3-2.0\studioproject\sheepgame.cpp(22): warning C4305: 'argument': truncation from 'double' to 'float'
c:\users\mikc\desktop\sp3\sp3-2.0\studioproject\sheepgame.cpp(244): warning C4244: 'argument': conversion from 'double' to 'float', possible loss of data
c:\users\mikc\desktop\sp3\sp3-2.0\studioproject\sheepgame.cpp(458): warning C4244: '-=': conversion from 'double' to 'float', possible loss of data
c:\users\mikc\desktop\sp3\sp3-2.0\studioproject\sheepgame.cpp(476): warning C4244: '-=': conversion from 'double' to 'float', possible loss of data
c:\users\mikc\desktop\sp3\sp3-2.0\studioproject\sheepgame.cpp(479): warning C4244: '-=': conversion from 'double' to 'float', possible loss of data
c:\users\mikc\desktop\sp3\sp3-2.0\studioproject\sheepgame.cpp(486): warning C4244: '-=': conversion from 'double' to 'float', possible loss of data
c:\users\mikc\desktop\sp3\sp3-2.0\studioproject\sheepgame.cpp(495): warning C4244: '-=': conversion from 'double' to 'float', possible loss of data
c:\users\mikc\desktop\sp3\sp3-2.0\studioproject\sheepgame.cpp(505): warning C4244: '-=': conversion from 'double' to 'float', possible loss of data
c:\users\mikc\desktop\sp3\sp3-2.0\studioproject\sheepgame.cpp(573): warning C4244: '-=': conversion from 'double' to 'float', possible loss of data
c:\users\mikc\desktop\sp3\sp3-2.0\studioproject\sheepgame.cpp(582): warning C4244: '-=': conversion from 'double' to 'float', possible loss of data
c:\users\mikc\desktop\sp3\sp3-2.0\studioproject\sheepgame.cpp(592): warning C4244: '-=': conversion from 'double' to 'float', possible loss of data
c:\users\mikc\desktop\sp3\sp3-2.0\studioproject\sheepgame.cpp(649): warning C4244: '-=': conversion from 'double' to 'float', possible loss of data
c:\users\mikc\desktop\sp3\sp3-2.0\studioproject\sheepgame.cpp(658): warning C4244: '-=': conversion from 'double' to 'float', possible loss of data
c:\users\mikc\desktop\sp3\sp3-2.0\studioproject\sheepgame.cpp(668): warning C4244: '-=': conversion from 'double' to 'float', possible loss of data
c:\users\mikc\desktop\sp3\sp3-2.0\studioproject\sheepgame.cpp(741): warning C4244: '+=': conversion from 'double' to 'float', possible loss of data
c:\users\mikc\desktop\sp3\sp3-2.0\studioproject\sheepgame.cpp(751): warning C4244: 'argument': conversion from 'double' to 'float', possible loss of data
c:\users\mikc\desktop\sp3\sp3-2.0\studioproject\sheepgame.cpp(752): warning C4244: '+=': conversion from 'double' to 'float', possible loss of data
c:\users\mikc\desktop\sp3\sp3-2.0\studioproject\sheepgame.cpp(753): warning C4244: '+=': conversion from 'double' to 'float', possible loss of data
  SceneFrog.cpp
c:\users\mikc\desktop\sp3\sp3-2.0\studioproject\source\scenes\scenefrog.cpp(81): warning C4244: 'argument': conversion from 'float' to 'int', possible loss of data
c:\users\mikc\desktop\sp3\sp3-2.0\studioproject\source\scenes\scenefrog.cpp(163): warning C4244: 'argument': conversion from 'int' to 'float', possible loss of data
c:\users\mikc\desktop\sp3\sp3-2.0\studioproject\source\scenes\scenefrog.cpp(269): warning C4244: '-=': conversion from 'double' to 'float', possible loss of data
c:\users\mikc\desktop\sp3\sp3-2.0\studioproject\source\scenes\scenefrog.cpp(458): warning C4244: 'argument': conversion from 'int' to 'float', possible loss of data
  Generating Code...
TankObject.obj : error LNK2001: unresolved external symbol "public: __cdecl Vector3::Vector3(float,float,float)" (??0Vector3@@QEAA@MMM@Z)
SceneMaze.obj : error LNK2001: unresolved external symbol "public: __cdecl Vector3::Vector3(float,float,float)" (??0Vector3@@QEAA@MMM@Z)
SceneMole.obj : error LNK2001: unresolved external symbol "public: __cdecl Vector3::Vector3(float,float,float)" (??0Vector3@@QEAA@MMM@Z)
SceneTank.obj : error LNK2001: unresolved external symbol "public: __cdecl Vector3::Vector3(float,float,float)" (??0Vector3@@QEAA@MMM@Z)
StudioProjectScene.obj : error LNK2001: unresolved external symbol "public: __cdecl Vector3::Vector3(float,float,float)" (??0Vector3@@QEAA@MMM@Z)
PhysicsObject.obj : error LNK2001: unresolved external symbol "public: __cdecl Vector3::Vector3(float,float,float)" (??0Vector3@@QEAA@MMM@Z)
Results.obj : error LNK2001: unresolved external symbol "public: __cdecl Vector3::Vector3(float,float,float)" (??0Vector3@@QEAA@MMM@Z)
SceneBase.obj : error LNK2001: unresolved external symbol "public: __cdecl Vector3::Vector3(float,float,float)" (??0Vector3@@QEAA@MMM@Z)
SceneFrog.obj : error LNK2001: unresolved external symbol "public: __cdecl Vector3::Vector3(float,float,float)" (??0Vector3@@QEAA@MMM@Z)
Particles.obj : error LNK2001: unresolved external symbol "public: __cdecl Vector3::Vector3(float,float,float)" (??0Vector3@@QEAA@MMM@Z)
FrogObject.obj : error LNK2001: unresolved external symbol "public: __cdecl Vector3::Vector3(float,float,float)" (??0Vector3@@QEAA@MMM@Z)
GameObject.obj : error LNK2001: unresolved external symbol "public: __cdecl Vector3::Vector3(float,float,float)" (??0Vector3@@QEAA@MMM@Z)
MazeObject.obj : error LNK2001: unresolved external symbol "public: __cdecl Vector3::Vector3(float,float,float)" (??0Vector3@@QEAA@MMM@Z)
SheepGame.obj : error LNK2001: unresolved external symbol "public: __cdecl Vector3::Vector3(float,float,float)" (??0Vector3@@QEAA@MMM@Z)
Camera.obj : error LNK2001: unresolved external symbol "public: __cdecl Vector3::Vector3(float,float,float)" (??0Vector3@@QEAA@MMM@Z)
LoadOBJ.obj : error LNK2001: unresolved external symbol "public: __cdecl Vector3::Vector3(float,float,float)" (??0Vector3@@QEAA@MMM@Z)
MeshBuilder.obj : error LNK2001: unresolved external symbol "public: __cdecl Vector3::Vector3(float,float,float)" (??0Vector3@@QEAA@MMM@Z)
SceneMole.obj : error LNK2001: unresolved external symbol "public: __cdecl Vector3::Vector3(struct Vector3 const &)" (??0Vector3@@QEAA@AEBU0@@Z)
SceneTank.obj : error LNK2001: unresolved external symbol "public: __cdecl Vector3::Vector3(struct Vector3 const &)" (??0Vector3@@QEAA@AEBU0@@Z)
PhysicsObject.obj : error LNK2001: unresolved external symbol "public: __cdecl Vector3::Vector3(struct Vector3 const &)" (??0Vector3@@QEAA@AEBU0@@Z)
Results.obj : error LNK2001: unresolved external symbol "public: __cdecl Vector3::Vector3(struct Vector3 const &)" (??0Vector3@@QEAA@AEBU0@@Z)
SceneFrog.obj : error LNK2001: unresolved external symbol "public: __cdecl Vector3::Vector3(struct Vector3 const &)" (??0Vector3@@QEAA@AEBU0@@Z)
SceneMaze.obj : error LNK2001: unresolved external symbol "public: __cdecl Vector3::Vector3(struct Vector3 const &)" (??0Vector3@@QEAA@AEBU0@@Z)
SheepGame.obj : error LNK2001: unresolved external symbol "public: __cdecl Vector3::Vector3(struct Vector3 const &)" (??0Vector3@@QEAA@AEBU0@@Z)
LoadOBJ.obj : error LNK2001: unresolved external symbol "public: __cdecl Vector3::Vector3(struct Vector3 const &)" (??0Vector3@@QEAA@AEBU0@@Z)
MeshBuilder.obj : error LNK2001: unresolved external symbol "public: __cdecl Vector3::Vector3(struct Vector3 const &)" (??0Vector3@@QEAA@AEBU0@@Z)
MazeObject.obj : error LNK2001: unresolved external symbol "public: __cdecl Vector3::Vector3(struct Vector3 const &)" (??0Vector3@@QEAA@AEBU0@@Z)
StudioProjectScene.obj : error LNK2001: unresolved external symbol "public: __cdecl Vector3::~Vector3(void)" (??1Vector3@@QEAA@XZ)
SubTankObject.obj : error LNK2001: unresolved external symbol "public: __cdecl Vector3::~Vector3(void)" (??1Vector3@@QEAA@XZ)
TankObject.obj : error LNK2001: unresolved external symbol "public: __cdecl Vector3::~Vector3(void)" (??1Vector3@@QEAA@XZ)
SceneFrog.obj : error LNK2001: unresolved external symbol "public: __cdecl Vector3::~Vector3(void)" (??1Vector3@@QEAA@XZ)
SceneMaze.obj : error LNK2001: unresolved external symbol "public: __cdecl Vector3::~Vector3(void)" (??1Vector3@@QEAA@XZ)
SceneMole.obj : error LNK2001: unresolved external symbol "public: __cdecl Vector3::~Vector3(void)" (??1Vector3@@QEAA@XZ)
SceneTank.obj : error LNK2001: unresolved external symbol "public: __cdecl Vector3::~Vector3(void)" (??1Vector3@@QEAA@XZ)
MazeObject.obj : error LNK2001: unresolved external symbol "public: __cdecl Vector3::~Vector3(void)" (??1Vector3@@QEAA@XZ)
PhysicsObject.obj : error LNK2001: unresolved external symbol "public: __cdecl Vector3::~Vector3(void)" (??1Vector3@@QEAA@XZ)
Results.obj : error LNK2001: unresolved external symbol "public: __cdecl Vector3::~Vector3(void)" (??1Vector3@@QEAA@XZ)
SceneBase.obj : error LNK2001: unresolved external symbol "public: __cdecl Vector3::~Vector3(void)" (??1Vector3@@QEAA@XZ)
MeshBuilder.obj : error LNK2001: unresolved external symbol "public: __cdecl Vector3::~Vector3(void)" (??1Vector3@@QEAA@XZ)
Particles.obj : error LNK2001: unresolved external symbol "public: __cdecl Vector3::~Vector3(void)" (??1Vector3@@QEAA@XZ)
FrogObject.obj : error LNK2001: unresolved external symbol "public: __cdecl Vector3::~Vector3(void)" (??1Vector3@@QEAA@XZ)
GameObject.obj : error LNK2001: unresolved external symbol "public: __cdecl Vector3::~Vector3(void)" (??1Vector3@@QEAA@XZ)
SheepGame.obj : error LNK2001: unresolved external symbol "public: __cdecl Vector3::~Vector3(void)" (??1Vector3@@QEAA@XZ)
Camera.obj : error LNK2001: unresolved external symbol "public: __cdecl Vector3::~Vector3(void)" (??1Vector3@@QEAA@XZ)
MazeGenerator.obj : error LNK2001: unresolved external symbol "public: __cdecl Vector3::~Vector3(void)" (??1Vector3@@QEAA@XZ)
LoadOBJ.obj : error LNK2001: unresolved external symbol "public: __cdecl Vector3::~Vector3(void)" (??1Vector3@@QEAA@XZ)
TankObject.obj : error LNK2001: unresolved external symbol "public: void __cdecl Vector3::Set(float,float,float)" (?Set@Vector3@@QEAAXMMM@Z)
SceneMaze.obj : error LNK2001: unresolved external symbol "public: void __cdecl Vector3::Set(float,float,float)" (?Set@Vector3@@QEAAXMMM@Z)
SceneMole.obj : error LNK2001: unresolved external symbol "public: void __cdecl Vector3::Set(float,float,float)" (?Set@Vector3@@QEAAXMMM@Z)
SceneTank.obj : error LNK2001: unresolved external symbol "public: void __cdecl Vector3::Set(float,float,float)" (?Set@Vector3@@QEAAXMMM@Z)
StudioProjectScene.obj : error LNK2001: unresolved external symbol "public: void __cdecl Vector3::Set(float,float,float)" (?Set@Vector3@@QEAAXMMM@Z)
MeshBuilder.obj : error LNK2001: unresolved external symbol "public: void __cdecl Vector3::Set(float,float,float)" (?Set@Vector3@@QEAAXMMM@Z)
Results.obj : error LNK2001: unresolved external symbol "public: void __cdecl Vector3::Set(float,float,float)" (?Set@Vector3@@QEAAXMMM@Z)
SceneBase.obj : error LNK2001: unresolved external symbol "public: void __cdecl Vector3::Set(float,float,float)" (?Set@Vector3@@QEAAXMMM@Z)
SceneFrog.obj : error LNK2001: unresolved external symbol "public: void __cdecl Vector3::Set(float,float,float)" (?Set@Vector3@@QEAAXMMM@Z)
SheepGame.obj : error LNK2001: unresolved external symbol "public: void __cdecl Vector3::Set(float,float,float)" (?Set@Vector3@@QEAAXMMM@Z)
Camera.obj : error LNK2001: unresolved external symbol "public: void __cdecl Vector3::Set(float,float,float)" (?Set@Vector3@@QEAAXMMM@Z)
MazeGenerator.obj : error LNK2001: unresolved external symbol "public: void __cdecl Vector3::Set(float,float,float)" (?Set@Vector3@@QEAAXMMM@Z)
LoadOBJ.obj : error LNK2001: unresolved external symbol "public: void __cdecl Vector3::Set(float,float,float)" (?Set@Vector3@@QEAAXMMM@Z)
StudioProjectScene.obj : error LNK2001: unresolved external symbol "public: struct Vector3 & __cdecl Vector3::operator+=(struct Vector3 const &)" (??YVector3@@QEAAAEAU0@AEBU0@@Z)
SceneFrog.obj : error LNK2001: unresolved external symbol "public: struct Vector3 & __cdecl Vector3::operator+=(struct Vector3 const &)" (??YVector3@@QEAAAEAU0@AEBU0@@Z)
SceneMaze.obj : error LNK2001: unresolved external symbol "public: struct Vector3 & __cdecl Vector3::operator+=(struct Vector3 const &)" (??YVector3@@QEAAAEAU0@AEBU0@@Z)
SceneMole.obj : error LNK2001: unresolved external symbol "public: struct Vector3 & __cdecl Vector3::operator+=(struct Vector3 const &)" (??YVector3@@QEAAAEAU0@AEBU0@@Z)
SceneTank.obj : error LNK2001: unresolved external symbol "public: struct Vector3 & __cdecl Vector3::operator+=(struct Vector3 const &)" (??YVector3@@QEAAAEAU0@AEBU0@@Z)
SheepGame.obj : error LNK2001: unresolved external symbol "public: struct Vector3 & __cdecl Vector3::operator+=(struct Vector3 const &)" (??YVector3@@QEAAAEAU0@AEBU0@@Z)
MazeGenerator.obj : error LNK2001: unresolved external symbol "public: struct Vector3 & __cdecl Vector3::operator+=(struct Vector3 const &)" (??YVector3@@QEAAAEAU0@AEBU0@@Z)
MazeObject.obj : error LNK2001: unresolved external symbol "public: struct Vector3 & __cdecl Vector3::operator+=(struct Vector3 const &)" (??YVector3@@QEAAAEAU0@AEBU0@@Z)
PhysicsObject.obj : error LNK2001: unresolved external symbol "public: struct Vector3 & __cdecl Vector3::operator+=(struct Vector3 const &)" (??YVector3@@QEAAAEAU0@AEBU0@@Z)
SceneMaze.obj : error LNK2001: unresolved external symbol "public: struct Vector3 __cdecl Vector3::operator-(struct Vector3 const &)const " (??GVector3@@QEBA?AU0@AEBU0@@Z)
SceneTank.obj : error LNK2001: unresolved external symbol "public: struct Vector3 __cdecl Vector3::operator-(struct Vector3 const &)const " (??GVector3@@QEBA?AU0@AEBU0@@Z)
SubTankObject.obj : error LNK2001: unresolved external symbol "public: struct Vector3 __cdecl Vector3::operator-(struct Vector3 const &)const " (??GVector3@@QEBA?AU0@AEBU0@@Z)
TankObject.obj : error LNK2001: unresolved external symbol "public: struct Vector3 __cdecl Vector3::operator-(struct Vector3 const &)const " (??GVector3@@QEBA?AU0@AEBU0@@Z)
SheepGame.obj : error LNK2001: unresolved external symbol "public: struct Vector3 __cdecl Vector3::operator-(struct Vector3 const &)const " (??GVector3@@QEBA?AU0@AEBU0@@Z)
MazeObject.obj : error LNK2001: unresolved external symbol "public: struct Vector3 __cdecl Vector3::operator-(struct Vector3 const &)const " (??GVector3@@QEBA?AU0@AEBU0@@Z)
PhysicsObject.obj : error LNK2001: unresolved external symbol "public: struct Vector3 __cdecl Vector3::operator-(struct Vector3 const &)const " (??GVector3@@QEBA?AU0@AEBU0@@Z)
SceneFrog.obj : error LNK2001: unresolved external symbol "public: struct Vector3 __cdecl Vector3::operator-(struct Vector3 const &)const " (??GVector3@@QEBA?AU0@AEBU0@@Z)
SceneTank.obj : error LNK2001: unresolved external symbol "public: struct Vector3 __cdecl Vector3::operator-(void)const " (??GVector3@@QEBA?AU0@XZ)
SheepGame.obj : error LNK2001: unresolved external symbol "public: struct Vector3 __cdecl Vector3::operator-(void)const " (??GVector3@@QEBA?AU0@XZ)
MazeObject.obj : error LNK2001: unresolved external symbol "public: struct Vector3 __cdecl Vector3::operator-(void)const " (??GVector3@@QEBA?AU0@XZ)
SceneFrog.obj : error LNK2001: unresolved external symbol "public: struct Vector3 __cdecl Vector3::operator-(void)const " (??GVector3@@QEBA?AU0@XZ)
SceneMaze.obj : error LNK2001: unresolved external symbol "public: struct Vector3 __cdecl Vector3::operator-(void)const " (??GVector3@@QEBA?AU0@XZ)
SceneMaze.obj : error LNK2001: unresolved external symbol "public: struct Vector3 __cdecl Vector3::operator*(float)const " (??DVector3@@QEBA?AU0@M@Z)
SceneMole.obj : error LNK2001: unresolved external symbol "public: struct Vector3 __cdecl Vector3::operator*(float)const " (??DVector3@@QEBA?AU0@M@Z)
SceneTank.obj : error LNK2001: unresolved external symbol "public: struct Vector3 __cdecl Vector3::operator*(float)const " (??DVector3@@QEBA?AU0@M@Z)
StudioProjectScene.obj : error LNK2001: unresolved external symbol "public: struct Vector3 __cdecl Vector3::operator*(float)const " (??DVector3@@QEBA?AU0@M@Z)
SheepGame.obj : error LNK2001: unresolved external symbol "public: struct Vector3 __cdecl Vector3::operator*(float)const " (??DVector3@@QEBA?AU0@M@Z)
MazeObject.obj : error LNK2001: unresolved external symbol "public: struct Vector3 __cdecl Vector3::operator*(float)const " (??DVector3@@QEBA?AU0@M@Z)
PhysicsObject.obj : error LNK2001: unresolved external symbol "public: struct Vector3 __cdecl Vector3::operator*(float)const " (??DVector3@@QEBA?AU0@M@Z)
SceneFrog.obj : error LNK2001: unresolved external symbol "public: struct Vector3 __cdecl Vector3::operator*(float)const " (??DVector3@@QEBA?AU0@M@Z)
TankObject.obj : error LNK2001: unresolved external symbol "public: struct Vector3 & __cdecl Vector3::operator=(struct Vector3 const &)" (??4Vector3@@QEAAAEAU0@AEBU0@@Z)
SceneMole.obj : error LNK2001: unresolved external symbol "public: struct Vector3 & __cdecl Vector3::operator=(struct Vector3 const &)" (??4Vector3@@QEAAAEAU0@AEBU0@@Z)
SceneTank.obj : error LNK2001: unresolved external symbol "public: struct Vector3 & __cdecl Vector3::operator=(struct Vector3 const &)" (??4Vector3@@QEAAAEAU0@AEBU0@@Z)
StudioProjectScene.obj : error LNK2001: unresolved external symbol "public: struct Vector3 & __cdecl Vector3::operator=(struct Vector3 const &)" (??4Vector3@@QEAAAEAU0@AEBU0@@Z)
SubTankObject.obj : error LNK2001: unresolved external symbol "public: struct Vector3 & __cdecl Vector3::operator=(struct Vector3 const &)" (??4Vector3@@QEAAAEAU0@AEBU0@@Z)
MazeObject.obj : error LNK2001: unresolved external symbol "public: struct Vector3 & __cdecl Vector3::operator=(struct Vector3 const &)" (??4Vector3@@QEAAAEAU0@AEBU0@@Z)
PhysicsObject.obj : error LNK2001: unresolved external symbol "public: struct Vector3 & __cdecl Vector3::operator=(struct Vector3 const &)" (??4Vector3@@QEAAAEAU0@AEBU0@@Z)
SceneFrog.obj : error LNK2001: unresolved external symbol "public: struct Vector3 & __cdecl Vector3::operator=(struct Vector3 const &)" (??4Vector3@@QEAAAEAU0@AEBU0@@Z)
SceneMaze.obj : error LNK2001: unresolved external symbol "public: struct Vector3 & __cdecl Vector3::operator=(struct Vector3 const &)" (??4Vector3@@QEAAAEAU0@AEBU0@@Z)
SheepGame.obj : error LNK2001: unresolved external symbol "public: struct Vector3 & __cdecl Vector3::operator=(struct Vector3 const &)" (??4Vector3@@QEAAAEAU0@AEBU0@@Z)
Camera.obj : error LNK2001: unresolved external symbol "public: struct Vector3 & __cdecl Vector3::operator=(struct Vector3 const &)" (??4Vector3@@QEAAAEAU0@AEBU0@@Z)
MazeGenerator.obj : error LNK2001: unresolved external symbol "public: struct Vector3 & __cdecl Vector3::operator=(struct Vector3 const &)" (??4Vector3@@QEAAAEAU0@AEBU0@@Z)
MeshBuilder.obj : error LNK2001: unresolved external symbol "public: struct Vector3 & __cdecl Vector3::operator=(struct Vector3 const &)" (??4Vector3@@QEAAAEAU0@AEBU0@@Z)
TankObject.obj : error LNK2001: unresolved external symbol "public: float __cdecl Vector3::Length(void)const " (?Length@Vector3@@QEBAMXZ)
SceneFrog.obj : error LNK2001: unresolved external symbol "public: float __cdecl Vector3::Length(void)const " (?Length@Vector3@@QEBAMXZ)
SceneMaze.obj : error LNK2001: unresolved external symbol "public: float __cdecl Vector3::Length(void)const " (?Length@Vector3@@QEBAMXZ)
SceneTank.obj : error LNK2001: unresolved external symbol "public: float __cdecl Vector3::Length(void)const " (?Length@Vector3@@QEBAMXZ)
SubTankObject.obj : error LNK2001: unresolved external symbol "public: float __cdecl Vector3::Length(void)const " (?Length@Vector3@@QEBAMXZ)
SheepGame.obj : error LNK2001: unresolved external symbol "public: float __cdecl Vector3::Length(void)const " (?Length@Vector3@@QEBAMXZ)
MazeGenerator.obj : error LNK2001: unresolved external symbol "public: float __cdecl Vector3::Length(void)const " (?Length@Vector3@@QEBAMXZ)
MazeObject.obj : error LNK2001: unresolved external symbol "public: float __cdecl Vector3::Length(void)const " (?Length@Vector3@@QEBAMXZ)
PhysicsObject.obj : error LNK2001: unresolved external symbol "public: float __cdecl Vector3::Length(void)const " (?Length@Vector3@@QEBAMXZ)
SceneMaze.obj : error LNK2019: unresolved external symbol "public: float __cdecl Vector3::Dot(struct Vector3 const &)const " (?Dot@Vector3@@QEBAMAEBU1@@Z) referenced in function "private: void __cdecl std::vector<class PhysicsObject *,class std::allocator<class PhysicsObject *> >::_Change_array(class PhysicsObject * * const,unsigned __int64,unsigned __int64)" (?_Change_array@?$vector@PEAVPhysicsObject@@V?$allocator@PEAVPhysicsObject@@@std@@@std@@AEAAXQEAPEAVPhysicsObject@@_K1@Z)
SceneTank.obj : error LNK2001: unresolved external symbol "public: float __cdecl Vector3::Dot(struct Vector3 const &)const " (?Dot@Vector3@@QEBAMAEBU1@@Z)
SubTankObject.obj : error LNK2001: unresolved external symbol "public: float __cdecl Vector3::Dot(struct Vector3 const &)const " (?Dot@Vector3@@QEBAMAEBU1@@Z)
TankObject.obj : error LNK2001: unresolved external symbol "public: float __cdecl Vector3::Dot(struct Vector3 const &)const " (?Dot@Vector3@@QEBAMAEBU1@@Z)
SheepGame.obj : error LNK2001: unresolved external symbol "public: float __cdecl Vector3::Dot(struct Vector3 const &)const " (?Dot@Vector3@@QEBAMAEBU1@@Z)
MazeObject.obj : error LNK2001: unresolved external symbol "public: float __cdecl Vector3::Dot(struct Vector3 const &)const " (?Dot@Vector3@@QEBAMAEBU1@@Z)
PhysicsObject.obj : error LNK2001: unresolved external symbol "public: float __cdecl Vector3::Dot(struct Vector3 const &)const " (?Dot@Vector3@@QEBAMAEBU1@@Z)
SceneFrog.obj : error LNK2001: unresolved external symbol "public: float __cdecl Vector3::Dot(struct Vector3 const &)const " (?Dot@Vector3@@QEBAMAEBU1@@Z)
SceneTank.obj : error LNK2001: unresolved external symbol "public: struct Vector3 __cdecl Vector3::Normalized(void)const " (?Normalized@Vector3@@QEBA?AU1@XZ)
SubTankObject.obj : error LNK2001: unresolved external symbol "public: struct Vector3 __cdecl Vector3::Normalized(void)const " (?Normalized@Vector3@@QEBA?AU1@XZ)
TankObject.obj : error LNK2001: unresolved external symbol "public: struct Vector3 __cdecl Vector3::Normalized(void)const " (?Normalized@Vector3@@QEBA?AU1@XZ)
SheepGame.obj : error LNK2001: unresolved external symbol "public: struct Vector3 __cdecl Vector3::Normalized(void)const " (?Normalized@Vector3@@QEBA?AU1@XZ)
MazeGenerator.obj : error LNK2001: unresolved external symbol "public: struct Vector3 __cdecl Vector3::Normalized(void)const " (?Normalized@Vector3@@QEBA?AU1@XZ)
MazeObject.obj : error LNK2001: unresolved external symbol "public: struct Vector3 __cdecl Vector3::Normalized(void)const " (?Normalized@Vector3@@QEBA?AU1@XZ)
PhysicsObject.obj : error LNK2001: unresolved external symbol "public: struct Vector3 __cdecl Vector3::Normalized(void)const " (?Normalized@Vector3@@QEBA?AU1@XZ)
SceneMaze.obj : error LNK2019: unresolved external symbol "struct Vector3 __cdecl operator*(float,struct Vector3 const &)" (??D@YA?AUVector3@@MAEBU0@@Z) referenced in function "public: __cdecl std::_Compressed_pair<class std::allocator<class PhysicsObject *>,class std::_Vector_val<struct std::_Simple_types<class PhysicsObject *> >,1>::_Compressed_pair<class std::allocator<class PhysicsObject *>,class std::_Vector_val<struct std::_Simple_types<class PhysicsObject *> >,1><>(struct std::_Zero_then_variadic_args_t)" (??$?0$$V@?$_Compressed_pair@V?$allocator@PEAVPhysicsObject@@@std@@V?$_Vector_val@U?$_Simple_types@PEAVPhysicsObject@@@std@@@2@$00@std@@QEAA@U_Zero_then_variadic_args_t@1@@Z)
SceneTank.obj : error LNK2001: unresolved external symbol "struct Vector3 __cdecl operator*(float,struct Vector3 const &)" (??D@YA?AUVector3@@MAEBU0@@Z)
SubTankObject.obj : error LNK2001: unresolved external symbol "struct Vector3 __cdecl operator*(float,struct Vector3 const &)" (??D@YA?AUVector3@@MAEBU0@@Z)
TankObject.obj : error LNK2001: unresolved external symbol "struct Vector3 __cdecl operator*(float,struct Vector3 const &)" (??D@YA?AUVector3@@MAEBU0@@Z)
SheepGame.obj : error LNK2001: unresolved external symbol "struct Vector3 __cdecl operator*(float,struct Vector3 const &)" (??D@YA?AUVector3@@MAEBU0@@Z)
MazeGenerator.obj : error LNK2001: unresolved external symbol "struct Vector3 __cdecl operator*(float,struct Vector3 const &)" (??D@YA?AUVector3@@MAEBU0@@Z)
MazeObject.obj : error LNK2001: unresolved external symbol "struct Vector3 __cdecl operator*(float,struct Vector3 const &)" (??D@YA?AUVector3@@MAEBU0@@Z)
PhysicsObject.obj : error LNK2001: unresolved external symbol "struct Vector3 __cdecl operator*(float,struct Vector3 const &)" (??D@YA?AUVector3@@MAEBU0@@Z)
SceneMaze.obj : error LNK2001: unresolved external symbol "public: __cdecl Mtx44::Mtx44(float,float,float,float,float,float,float,float,float,float,float,float,float,float,float,float)" (??0Mtx44@@QEAA@MMMMMMMMMMMMMMMM@Z)
SceneMole.obj : error LNK2001: unresolved external symbol "public: __cdecl Mtx44::Mtx44(float,float,float,float,float,float,float,float,float,float,float,float,float,float,float,float)" (??0Mtx44@@QEAA@MMMMMMMMMMMMMMMM@Z)
SceneTank.obj : error LNK2001: unresolved external symbol "public: __cdecl Mtx44::Mtx44(float,float,float,float,float,float,float,float,float,float,float,float,float,float,float,float)" (??0Mtx44@@QEAA@MMMMMMMMMMMMMMMM@Z)
StudioProjectScene.obj : error LNK2001: unresolved external symbol "public: __cdecl Mtx44::Mtx44(float,float,float,float,float,float,float,float,float,float,float,float,float,float,float,float)" (??0Mtx44@@QEAA@MMMMMMMMMMMMMMMM@Z)
SheepGame.obj : error LNK2001: unresolved external symbol "public: __cdecl Mtx44::Mtx44(float,float,float,float,float,float,float,float,float,float,float,float,float,float,float,float)" (??0Mtx44@@QEAA@MMMMMMMMMMMMMMMM@Z)
Results.obj : error LNK2001: unresolved external symbol "public: __cdecl Mtx44::Mtx44(float,float,float,float,float,float,float,float,float,float,float,float,float,float,float,float)" (??0Mtx44@@QEAA@MMMMMMMMMMMMMMMM@Z)
SceneBase.obj : error LNK2001: unresolved external symbol "public: __cdecl Mtx44::Mtx44(float,float,float,float,float,float,float,float,float,float,float,float,float,float,float,float)" (??0Mtx44@@QEAA@MMMMMMMMMMMMMMMM@Z)
SceneFrog.obj : error LNK2001: unresolved external symbol "public: __cdecl Mtx44::Mtx44(float,float,float,float,float,float,float,float,float,float,float,float,float,float,float,float)" (??0Mtx44@@QEAA@MMMMMMMMMMMMMMMM@Z)
SceneMaze.obj : error LNK2001: unresolved external symbol "public: void __cdecl Mtx44::SetToOrtho(double,double,double,double,double,double)" (?SetToOrtho@Mtx44@@QEAAXNNNNNN@Z)
SceneMole.obj : error LNK2001: unresolved external symbol "public: void __cdecl Mtx44::SetToOrtho(double,double,double,double,double,double)" (?SetToOrtho@Mtx44@@QEAAXNNNNNN@Z)
SceneTank.obj : error LNK2001: unresolved external symbol "public: void __cdecl Mtx44::SetToOrtho(double,double,double,double,double,double)" (?SetToOrtho@Mtx44@@QEAAXNNNNNN@Z)
StudioProjectScene.obj : error LNK2001: unresolved external symbol "public: void __cdecl Mtx44::SetToOrtho(double,double,double,double,double,double)" (?SetToOrtho@Mtx44@@QEAAXNNNNNN@Z)
SheepGame.obj : error LNK2001: unresolved external symbol "public: void __cdecl Mtx44::SetToOrtho(double,double,double,double,double,double)" (?SetToOrtho@Mtx44@@QEAAXNNNNNN@Z)
Results.obj : error LNK2001: unresolved external symbol "public: void __cdecl Mtx44::SetToOrtho(double,double,double,double,double,double)" (?SetToOrtho@Mtx44@@QEAAXNNNNNN@Z)
SceneBase.obj : error LNK2001: unresolved external symbol "public: void __cdecl Mtx44::SetToOrtho(double,double,double,double,double,double)" (?SetToOrtho@Mtx44@@QEAAXNNNNNN@Z)
SceneFrog.obj : error LNK2001: unresolved external symbol "public: void __cdecl Mtx44::SetToOrtho(double,double,double,double,double,double)" (?SetToOrtho@Mtx44@@QEAAXNNNNNN@Z)
SceneMaze.obj : error LNK2019: unresolved external symbol "public: void __cdecl MS::PopMatrix(void)" (?PopMatrix@MS@@QEAAXXZ) referenced in function "public: class std::_Vector_val<struct std::_Simple_types<class PhysicsObject *> > & __cdecl std::_Vector_alloc<struct std::_Vec_base_types<class PhysicsObject *,class std::allocator<class PhysicsObject *> > >::_Get_data(void)" (?_Get_data@?$_Vector_alloc@U?$_Vec_base_types@PEAVPhysicsObject@@V?$allocator@PEAVPhysicsObject@@@std@@@std@@@std@@QEAAAEAV?$_Vector_val@U?$_Simple_types@PEAVPhysicsObject@@@std@@@2@XZ)
SceneMole.obj : error LNK2001: unresolved external symbol "public: void __cdecl MS::PopMatrix(void)" (?PopMatrix@MS@@QEAAXXZ)
SceneTank.obj : error LNK2001: unresolved external symbol "public: void __cdecl MS::PopMatrix(void)" (?PopMatrix@MS@@QEAAXXZ)
StudioProjectScene.obj : error LNK2001: unresolved external symbol "public: void __cdecl MS::PopMatrix(void)" (?PopMatrix@MS@@QEAAXXZ)
SheepGame.obj : error LNK2001: unresolved external symbol "public: void __cdecl MS::PopMatrix(void)" (?PopMatrix@MS@@QEAAXXZ)
Results.obj : error LNK2001: unresolved external symbol "public: void __cdecl MS::PopMatrix(void)" (?PopMatrix@MS@@QEAAXXZ)
SceneBase.obj : error LNK2001: unresolved external symbol "public: void __cdecl MS::PopMatrix(void)" (?PopMatrix@MS@@QEAAXXZ)
SceneFrog.obj : error LNK2001: unresolved external symbol "public: void __cdecl MS::PopMatrix(void)" (?PopMatrix@MS@@QEAAXXZ)
SceneMaze.obj : error LNK2019: unresolved external symbol "public: void __cdecl MS::PushMatrix(void)" (?PushMatrix@MS@@QEAAXXZ) referenced in function "public: class std::_Vector_val<struct std::_Simple_types<class PhysicsObject *> > const & __cdecl std::_Vector_alloc<struct std::_Vec_base_types<class PhysicsObject *,class std::allocator<class PhysicsObject *> > >::_Get_data(void)const " (?_Get_data@?$_Vector_alloc@U?$_Vec_base_types@PEAVPhysicsObject@@V?$allocator@PEAVPhysicsObject@@@std@@@std@@@std@@QEBAAEBV?$_Vector_val@U?$_Simple_types@PEAVPhysicsObject@@@std@@@2@XZ)
SceneMole.obj : error LNK2001: unresolved external symbol "public: void __cdecl MS::PushMatrix(void)" (?PushMatrix@MS@@QEAAXXZ)
SceneTank.obj : error LNK2001: unresolved external symbol "public: void __cdecl MS::PushMatrix(void)" (?PushMatrix@MS@@QEAAXXZ)
StudioProjectScene.obj : error LNK2001: unresolved external symbol "public: void __cdecl MS::PushMatrix(void)" (?PushMatrix@MS@@QEAAXXZ)
SheepGame.obj : error LNK2001: unresolved external symbol "public: void __cdecl MS::PushMatrix(void)" (?PushMatrix@MS@@QEAAXXZ)
Results.obj : error LNK2001: unresolved external symbol "public: void __cdecl MS::PushMatrix(void)" (?PushMatrix@MS@@QEAAXXZ)
SceneBase.obj : error LNK2001: unresolved external symbol "public: void __cdecl MS::PushMatrix(void)" (?PushMatrix@MS@@QEAAXXZ)
SceneFrog.obj : error LNK2001: unresolved external symbol "public: void __cdecl MS::PushMatrix(void)" (?PushMatrix@MS@@QEAAXXZ)
SceneMaze.obj : error LNK2001: unresolved external symbol "public: void __cdecl MS::LoadIdentity(void)" (?LoadIdentity@MS@@QEAAXXZ)
SceneMole.obj : error LNK2001: unresolved external symbol "public: void __cdecl MS::LoadIdentity(void)" (?LoadIdentity@MS@@QEAAXXZ)
SceneTank.obj : error LNK2001: unresolved external symbol "public: void __cdecl MS::LoadIdentity(void)" (?LoadIdentity@MS@@QEAAXXZ)
StudioProjectScene.obj : error LNK2001: unresolved external symbol "public: void __cdecl MS::LoadIdentity(void)" (?LoadIdentity@MS@@QEAAXXZ)
SheepGame.obj : error LNK2001: unresolved external symbol "public: void __cdecl MS::LoadIdentity(void)" (?LoadIdentity@MS@@QEAAXXZ)
Results.obj : error LNK2001: unresolved external symbol "public: void __cdecl MS::LoadIdentity(void)" (?LoadIdentity@MS@@QEAAXXZ)
SceneBase.obj : error LNK2001: unresolved external symbol "public: void __cdecl MS::LoadIdentity(void)" (?LoadIdentity@MS@@QEAAXXZ)
SceneFrog.obj : error LNK2001: unresolved external symbol "public: void __cdecl MS::LoadIdentity(void)" (?LoadIdentity@MS@@QEAAXXZ)
SceneMaze.obj : error LNK2001: unresolved external symbol "public: void __cdecl MS::LoadMatrix(class Mtx44 const &)" (?LoadMatrix@MS@@QEAAXAEBVMtx44@@@Z)
SceneMole.obj : error LNK2001: unresolved external symbol "public: void __cdecl MS::LoadMatrix(class Mtx44 const &)" (?LoadMatrix@MS@@QEAAXAEBVMtx44@@@Z)
SceneTank.obj : error LNK2001: unresolved external symbol "public: void __cdecl MS::LoadMatrix(class Mtx44 const &)" (?LoadMatrix@MS@@QEAAXAEBVMtx44@@@Z)
StudioProjectScene.obj : error LNK2001: unresolved external symbol "public: void __cdecl MS::LoadMatrix(class Mtx44 const &)" (?LoadMatrix@MS@@QEAAXAEBVMtx44@@@Z)
SheepGame.obj : error LNK2001: unresolved external symbol "public: void __cdecl MS::LoadMatrix(class Mtx44 const &)" (?LoadMatrix@MS@@QEAAXAEBVMtx44@@@Z)
Results.obj : error LNK2001: unresolved external symbol "public: void __cdecl MS::LoadMatrix(class Mtx44 const &)" (?LoadMatrix@MS@@QEAAXAEBVMtx44@@@Z)
SceneBase.obj : error LNK2001: unresolved external symbol "public: void __cdecl MS::LoadMatrix(class Mtx44 const &)" (?LoadMatrix@MS@@QEAAXAEBVMtx44@@@Z)
SceneFrog.obj : error LNK2001: unresolved external symbol "public: void __cdecl MS::LoadMatrix(class Mtx44 const &)" (?LoadMatrix@MS@@QEAAXAEBVMtx44@@@Z)
SceneTank.obj : error LNK2001: unresolved external symbol "public: void __cdecl MS::Rotate(float,float,float,float)" (?Rotate@MS@@QEAAXMMMM@Z)
StudioProjectScene.obj : error LNK2001: unresolved external symbol "public: void __cdecl MS::Rotate(float,float,float,float)" (?Rotate@MS@@QEAAXMMMM@Z)
SheepGame.obj : error LNK2001: unresolved external symbol "public: void __cdecl MS::Rotate(float,float,float,float)" (?Rotate@MS@@QEAAXMMMM@Z)
SceneFrog.obj : error LNK2001: unresolved external symbol "public: void __cdecl MS::Rotate(float,float,float,float)" (?Rotate@MS@@QEAAXMMMM@Z)
SceneMaze.obj : error LNK2001: unresolved external symbol "public: void __cdecl MS::Rotate(float,float,float,float)" (?Rotate@MS@@QEAAXMMMM@Z)
SceneMole.obj : error LNK2001: unresolved external symbol "public: void __cdecl MS::Rotate(float,float,float,float)" (?Rotate@MS@@QEAAXMMMM@Z)
SceneMole.obj : error LNK2001: unresolved external symbol "public: void __cdecl MS::Scale(float,float,float)" (?Scale@MS@@QEAAXMMM@Z)
SceneTank.obj : error LNK2001: unresolved external symbol "public: void __cdecl MS::Scale(float,float,float)" (?Scale@MS@@QEAAXMMM@Z)
StudioProjectScene.obj : error LNK2001: unresolved external symbol "public: void __cdecl MS::Scale(float,float,float)" (?Scale@MS@@QEAAXMMM@Z)
SheepGame.obj : error LNK2001: unresolved external symbol "public: void __cdecl MS::Scale(float,float,float)" (?Scale@MS@@QEAAXMMM@Z)
Results.obj : error LNK2001: unresolved external symbol "public: void __cdecl MS::Scale(float,float,float)" (?Scale@MS@@QEAAXMMM@Z)
SceneBase.obj : error LNK2001: unresolved external symbol "public: void __cdecl MS::Scale(float,float,float)" (?Scale@MS@@QEAAXMMM@Z)
SceneFrog.obj : error LNK2001: unresolved external symbol "public: void __cdecl MS::Scale(float,float,float)" (?Scale@MS@@QEAAXMMM@Z)
SceneMole.obj : error LNK2001: unresolved external symbol "public: void __cdecl MS::Translate(float,float,float)" (?Translate@MS@@QEAAXMMM@Z)
SceneTank.obj : error LNK2001: unresolved external symbol "public: void __cdecl MS::Translate(float,float,float)" (?Translate@MS@@QEAAXMMM@Z)
StudioProjectScene.obj : error LNK2001: unresolved external symbol "public: void __cdecl MS::Translate(float,float,float)" (?Translate@MS@@QEAAXMMM@Z)
SheepGame.obj : error LNK2001: unresolved external symbol "public: void __cdecl MS::Translate(float,float,float)" (?Translate@MS@@QEAAXMMM@Z)
Results.obj : error LNK2001: unresolved external symbol "public: void __cdecl MS::Translate(float,float,float)" (?Translate@MS@@QEAAXMMM@Z)
SceneBase.obj : error LNK2001: unresolved external symbol "public: void __cdecl MS::Translate(float,float,float)" (?Translate@MS@@QEAAXMMM@Z)
SceneFrog.obj : error LNK2001: unresolved external symbol "public: void __cdecl MS::Translate(float,float,float)" (?Translate@MS@@QEAAXMMM@Z)
SceneTank.obj : error LNK2001: unresolved external symbol "public: void __cdecl MS::Translate(struct Vector3)" (?Translate@MS@@QEAAXUVector3@@@Z)
SheepGame.obj : error LNK2001: unresolved external symbol "public: void __cdecl MS::Translate(struct Vector3)" (?Translate@MS@@QEAAXUVector3@@@Z)
Results.obj : error LNK2001: unresolved external symbol "public: void __cdecl MS::Translate(struct Vector3)" (?Translate@MS@@QEAAXUVector3@@@Z)
SceneFrog.obj : error LNK2001: unresolved external symbol "public: void __cdecl MS::Translate(struct Vector3)" (?Translate@MS@@QEAAXUVector3@@@Z)
SceneMaze.obj : error LNK2001: unresolved external symbol "public: void __cdecl MS::Translate(struct Vector3)" (?Translate@MS@@QEAAXUVector3@@@Z)
SceneMaze.obj : error LNK2019: unresolved external symbol "public: void __cdecl MS::LookAt(double,double,double,double,double,double,double,double,double)" (?LookAt@MS@@QEAAXNNNNNNNNN@Z) referenced in function "public: class PhysicsObject * & __cdecl std::vector<class PhysicsObject *,class std::allocator<class PhysicsObject *> >::back(void)" (?back@?$vector@PEAVPhysicsObject@@V?$allocator@PEAVPhysicsObject@@@std@@@std@@QEAAAEAPEAVPhysicsObject@@XZ)
SceneMole.obj : error LNK2001: unresolved external symbol "public: void __cdecl MS::LookAt(double,double,double,double,double,double,double,double,double)" (?LookAt@MS@@QEAAXNNNNNNNNN@Z)
SceneTank.obj : error LNK2001: unresolved external symbol "public: void __cdecl MS::LookAt(double,double,double,double,double,double,double,double,double)" (?LookAt@MS@@QEAAXNNNNNNNNN@Z)
StudioProjectScene.obj : error LNK2001: unresolved external symbol "public: void __cdecl MS::LookAt(double,double,double,double,double,double,double,double,double)" (?LookAt@MS@@QEAAXNNNNNNNNN@Z)
SheepGame.obj : error LNK2001: unresolved external symbol "public: void __cdecl MS::LookAt(double,double,double,double,double,double,double,double,double)" (?LookAt@MS@@QEAAXNNNNNNNNN@Z)
Results.obj : error LNK2001: unresolved external symbol "public: void __cdecl MS::LookAt(double,double,double,double,double,double,double,double,double)" (?LookAt@MS@@QEAAXNNNNNNNNN@Z)
SceneBase.obj : error LNK2001: unresolved external symbol "public: void __cdecl MS::LookAt(double,double,double,double,double,double,double,double,double)" (?LookAt@MS@@QEAAXNNNNNNNNN@Z)
SceneFrog.obj : error LNK2001: unresolved external symbol "public: void __cdecl MS::LookAt(double,double,double,double,double,double,double,double,double)" (?LookAt@MS@@QEAAXNNNNNNNNN@Z)
Application.obj : error LNK2019: unresolved external symbol "public: __cdecl StopWatch::StopWatch(void)" (??0StopWatch@@QEAA@XZ) referenced in function "private: __cdecl Application::Application(void)" (??0Application@@AEAA@XZ)
Application.obj : error LNK2019: unresolved external symbol "public: __cdecl StopWatch::~StopWatch(void)" (??1StopWatch@@QEAA@XZ) referenced in function "private: __cdecl Application::~Application(void)" (??1Application@@AEAA@XZ)
Application.obj : error LNK2019: unresolved external symbol "public: void __cdecl StopWatch::startTimer(void)" (?startTimer@StopWatch@@QEAAXXZ) referenced in function "public: void __cdecl Application::Run(void)" (?Run@Application@@QEAAXXZ)
Application.obj : error LNK2019: unresolved external symbol "public: double __cdecl StopWatch::getElapsedTime(void)" (?getElapsedTime@StopWatch@@QEAANXZ) referenced in function "public: void __cdecl Application::Run(void)" (?Run@Application@@QEAAXXZ)
Application.obj : error LNK2019: unresolved external symbol "public: void __cdecl StopWatch::waitUntil(__int64)" (?waitUntil@StopWatch@@QEAAX_J@Z) referenced in function "public: void __cdecl Application::Run(void)" (?Run@Application@@QEAAXXZ)
Application.obj : error LNK2019: unresolved external symbol __imp_glewInit referenced in function "public: void __cdecl Application::Init(void)" (?Init@Application@@QEAAXXZ)
Application.obj : error LNK2019: unresolved external symbol __imp_glewGetErrorString referenced in function "public: void __cdecl Application::Init(void)" (?Init@Application@@QEAAXXZ)
Application.obj : error LNK2019: unresolved external symbol glfwInit referenced in function "public: void __cdecl Application::Init(void)" (?Init@Application@@QEAAXXZ)
Application.obj : error LNK2019: unresolved external symbol glfwTerminate referenced in function "public: void __cdecl Application::Exit(void)" (?Exit@Application@@QEAAXXZ)
Application.obj : error LNK2019: unresolved external symbol glfwSetErrorCallback referenced in function "public: void __cdecl Application::Init(void)" (?Init@Application@@QEAAXXZ)
Application.obj : error LNK2019: unresolved external symbol glfwGetPrimaryMonitor referenced in function "public: void __cdecl Application::Init(void)" (?Init@Application@@QEAAXXZ)
Application.obj : error LNK2019: unresolved external symbol glfwWindowHint referenced in function "public: void __cdecl Application::Init(void)" (?Init@Application@@QEAAXXZ)
Application.obj : error LNK2019: unresolved external symbol glfwCreateWindow referenced in function "public: void __cdecl Application::Init(void)" (?Init@Application@@QEAAXXZ)
Application.obj : error LNK2019: unresolved external symbol glfwDestroyWindow referenced in function "public: void __cdecl Application::Exit(void)" (?Exit@Application@@QEAAXXZ)
Application.obj : error LNK2019: unresolved external symbol glfwWindowShouldClose referenced in function "public: void __cdecl Application::Run(void)" (?Run@Application@@QEAAXXZ)
Application.obj : error LNK2019: unresolved external symbol glfwSetWindowSizeCallback referenced in function "public: void __cdecl Application::Init(void)" (?Init@Application@@QEAAXXZ)
Application.obj : error LNK2019: unresolved external symbol glfwPollEvents referenced in function "public: void __cdecl Application::Run(void)" (?Run@Application@@QEAAXXZ)
Application.obj : error LNK2019: unresolved external symbol glfwSetInputMode referenced in function "public: void __cdecl Application::Init(void)" (?Init@Application@@QEAAXXZ)
Application.obj : error LNK2019: unresolved external symbol glfwGetMouseButton referenced in function "public: static bool __cdecl Application::IsMousePressed(unsigned short)" (?IsMousePressed@Application@@SA_NG@Z)
Application.obj : error LNK2019: unresolved external symbol glfwGetCursorPos referenced in function "public: static void __cdecl Application::GetCursorPos(double *,double *)" (?GetCursorPos@Application@@SAXPEAN0@Z)
Application.obj : error LNK2019: unresolved external symbol glfwMakeContextCurrent referenced in function "public: void __cdecl Application::Init(void)" (?Init@Application@@QEAAXXZ)
Application.obj : error LNK2019: unresolved external symbol glfwSwapBuffers referenced in function "public: void __cdecl Application::Run(void)" (?Run@Application@@QEAAXXZ)
Application.obj : error LNK2001: unresolved external symbol __imp_glewExperimental
MazeGenerator.obj : error LNK2019: unresolved external symbol "class std::basic_ostream<char,struct std::char_traits<char> > & __cdecl operator<<(class std::basic_ostream<char,struct std::char_traits<char> > &,struct Vector3 &)" (??6@YAAEAV?$basic_ostream@DU?$char_traits@D@std@@@std@@AEAV01@AEAUVector3@@@Z) referenced in function "public: void __cdecl MazeGenerator::SetUp(class std::basic_string<char,struct std::char_traits<char>,class std::allocator<char> >,class std::vector<class PhysicsObject *,class std::allocator<class PhysicsObject *> > *)" (?SetUp@MazeGenerator@@QEAAXV?$basic_string@DU?$char_traits@D@std@@V?$allocator@D@2@@std@@PEAV?$vector@PEAVPhysicsObject@@V?$allocator@PEAVPhysicsObject@@@std@@@3@@Z)
SceneFrog.obj : error LNK2001: unresolved external symbol "class std::basic_ostream<char,struct std::char_traits<char> > & __cdecl operator<<(class std::basic_ostream<char,struct std::char_traits<char> > &,struct Vector3 &)" (??6@YAAEAV?$basic_ostream@DU?$char_traits@D@std@@@std@@AEAV01@AEAUVector3@@@Z)
LoadTGA.obj : error LNK2001: unresolved external symbol __imp___glewGenerateMipmap
Mesh.obj : error LNK2001: unresolved external symbol __imp___glewBindBuffer
MeshBuilder.obj : error LNK2001: unresolved external symbol __imp___glewBindBuffer
SpriteAnimation.obj : error LNK2001: unresolved external symbol __imp___glewBindBuffer
Mesh.obj : error LNK2001: unresolved external symbol __imp___glewDeleteBuffers
Mesh.obj : error LNK2001: unresolved external symbol __imp___glewGenBuffers
Mesh.obj : error LNK2001: unresolved external symbol __imp___glewDisableVertexAttribArray
SpriteAnimation.obj : error LNK2001: unresolved external symbol __imp___glewDisableVertexAttribArray
Mesh.obj : error LNK2001: unresolved external symbol __imp___glewEnableVertexAttribArray
SpriteAnimation.obj : error LNK2001: unresolved external symbol __imp___glewEnableVertexAttribArray
Mesh.obj : error LNK2001: unresolved external symbol __imp___glewVertexAttribPointer
SpriteAnimation.obj : error LNK2001: unresolved external symbol __imp___glewVertexAttribPointer
MeshBuilder.obj : error LNK2019: unresolved external symbol "public: struct Vector3 & __cdecl Vector3::Normalize(void)" (?Normalize@Vector3@@QEAAAEAU1@XZ) referenced in function "public: static class Mesh * __cdecl MeshBuilder::GenerateCone(class std::basic_string<char,struct std::char_traits<char>,class std::allocator<char> > const &,struct Color,unsigned int,float,float)" (?GenerateCone@MeshBuilder@@SAPEAVMesh@@AEBV?$basic_string@DU?$char_traits@D@std@@V?$allocator@D@2@@std@@UColor@@IMM@Z)
MeshBuilder.obj : error LNK2001: unresolved external symbol __imp___glewBufferData
shader.obj : error LNK2001: unresolved external symbol __imp___glewAttachShader
shader.obj : error LNK2001: unresolved external symbol __imp___glewCompileShader
shader.obj : error LNK2001: unresolved external symbol __imp___glewCreateProgram
shader.obj : error LNK2001: unresolved external symbol __imp___glewCreateShader
shader.obj : error LNK2001: unresolved external symbol __imp___glewDeleteShader
shader.obj : error LNK2001: unresolved external symbol __imp___glewGetProgramInfoLog
shader.obj : error LNK2001: unresolved external symbol __imp___glewGetProgramiv
shader.obj : error LNK2001: unresolved external symbol __imp___glewGetShaderInfoLog
shader.obj : error LNK2001: unresolved external symbol __imp___glewGetShaderiv
shader.obj : error LNK2001: unresolved external symbol __imp___glewLinkProgram
shader.obj : error LNK2001: unresolved external symbol __imp___glewShaderSource
MazeObject.obj : error LNK2019: unresolved external symbol "public: struct Vector3 __cdecl Vector3::operator+(struct Vector3 const &)const " (??HVector3@@QEBA?AU0@AEBU0@@Z) referenced in function "public: virtual void __cdecl MazeObject::CollisionResponse(class PhysicsObject *,double)" (?CollisionResponse@MazeObject@@UEAAXPEAVPhysicsObject@@N@Z)
SceneMaze.obj : error LNK2001: unresolved external symbol "public: struct Vector3 __cdecl Vector3::operator+(struct Vector3 const &)const " (??HVector3@@QEBA?AU0@AEBU0@@Z)
SceneTank.obj : error LNK2001: unresolved external symbol "public: struct Vector3 __cdecl Vector3::operator+(struct Vector3 const &)const " (??HVector3@@QEBA?AU0@AEBU0@@Z)
MazeObject.obj : error LNK2019: unresolved external symbol "public: float __cdecl Vector3::LengthSquared(void)const " (?LengthSquared@Vector3@@QEBAMXZ) referenced in function "public: virtual void __cdecl MazeObject::CollisionResponse(class PhysicsObject *,double)" (?CollisionResponse@MazeObject@@UEAAXPEAVPhysicsObject@@N@Z)
PhysicsObject.obj : error LNK2001: unresolved external symbol "public: float __cdecl Vector3::LengthSquared(void)const " (?LengthSquared@Vector3@@QEBAMXZ)
SceneMaze.obj : error LNK2001: unresolved external symbol "public: float __cdecl Vector3::LengthSquared(void)const " (?LengthSquared@Vector3@@QEBAMXZ)
SceneTank.obj : error LNK2001: unresolved external symbol "public: float __cdecl Vector3::LengthSquared(void)const " (?LengthSquared@Vector3@@QEBAMXZ)
Results.obj : error LNK2019: unresolved external symbol "public: void __cdecl Vector3::SetZero(void)" (?SetZero@Vector3@@QEAAXXZ) referenced in function "public: void __cdecl Results::InitVars(void)" (?InitVars@Results@@QEAAXXZ)
SceneFrog.obj : error LNK2001: unresolved external symbol "public: void __cdecl Vector3::SetZero(void)" (?SetZero@Vector3@@QEAAXXZ)
SceneMaze.obj : error LNK2001: unresolved external symbol "public: void __cdecl Vector3::SetZero(void)" (?SetZero@Vector3@@QEAAXXZ)
SceneTank.obj : error LNK2001: unresolved external symbol "public: void __cdecl Vector3::SetZero(void)" (?SetZero@Vector3@@QEAAXXZ)
SceneBase.obj : error LNK2019: unresolved external symbol "public: class Mtx44 __cdecl Mtx44::GetTranspose(void)const " (?GetTranspose@Mtx44@@QEBA?AV1@XZ) referenced in function "public: void __cdecl SceneBase::RenderMesh(class Mesh *,bool)" (?RenderMesh@SceneBase@@QEAAXPEAVMesh@@_N@Z)
SceneBase.obj : error LNK2019: unresolved external symbol "public: class Mtx44 __cdecl Mtx44::GetInverse(void)const " (?GetInverse@Mtx44@@QEBA?AV1@XZ) referenced in function "public: void __cdecl SceneBase::RenderMesh(class Mesh *,bool)" (?RenderMesh@SceneBase@@QEAAXPEAVMesh@@_N@Z)
SceneBase.obj : error LNK2019: unresolved external symbol "public: class Mtx44 __cdecl Mtx44::operator*(class Mtx44 const &)const " (??DMtx44@@QEBA?AV0@AEBV0@@Z) referenced in function "public: void __cdecl SceneBase::RenderMesh(class Mesh *,bool)" (?RenderMesh@SceneBase@@QEAAXPEAVMesh@@_N@Z)
SceneBase.obj : error LNK2019: unresolved external symbol "public: class Mtx44 & __cdecl Mtx44::operator=(class Mtx44 const &)" (??4Mtx44@@QEAAAEAV0@AEBV0@@Z) referenced in function "public: void __cdecl SceneBase::RenderMesh(class Mesh *,bool)" (?RenderMesh@SceneBase@@QEAAXPEAVMesh@@_N@Z)
SceneBase.obj : error LNK2019: unresolved external symbol "public: void __cdecl Mtx44::SetToTranslation(float,float,float)" (?SetToTranslation@Mtx44@@QEAAXMMM@Z) referenced in function "public: void __cdecl SceneBase::RenderText(class Mesh *,class std::basic_string<char,struct std::char_traits<char>,class std::allocator<char> >,struct Color)" (?RenderText@SceneBase@@QEAAXPEAVMesh@@V?$basic_string@DU?$char_traits@D@std@@V?$allocator@D@2@@std@@UColor@@@Z)
SceneBase.obj : error LNK2019: unresolved external symbol "public: void __cdecl Mtx44::SetToPerspective(double,double,double,double)" (?SetToPerspective@Mtx44@@QEAAXNNNN@Z) referenced in function "public: virtual void __cdecl SceneBase::Render(void)" (?Render@SceneBase@@UEAAXXZ)
SceneBase.obj : error LNK2019: unresolved external symbol "public: __cdecl MS::MS(void)" (??0MS@@QEAA@XZ) referenced in function "public: __cdecl SceneBase::SceneBase(void)" (??0SceneBase@@QEAA@XZ)
SceneBase.obj : error LNK2019: unresolved external symbol "public: __cdecl MS::~MS(void)" (??1MS@@QEAA@XZ) referenced in function "int `public: __cdecl SceneBase::SceneBase(void)'::`1'::dtor$2" (?dtor$2@?0???0SceneBase@@QEAA@XZ@4HA)
SceneBase.obj : error LNK2019: unresolved external symbol "public: class Mtx44 const & __cdecl MS::Top(void)const " (?Top@MS@@QEBAAEBVMtx44@@XZ) referenced in function "public: void __cdecl SceneBase::RenderMesh(class Mesh *,bool)" (?RenderMesh@SceneBase@@QEAAXPEAVMesh@@_N@Z)
SceneBase.obj : error LNK2001: unresolved external symbol __imp___glewActiveTexture
SceneBase.obj : error LNK2001: unresolved external symbol __imp___glewDeleteProgram
SceneBase.obj : error LNK2001: unresolved external symbol __imp___glewGetUniformLocation
SceneBase.obj : error LNK2001: unresolved external symbol __imp___glewUniform1f
SceneBase.obj : error LNK2001: unresolved external symbol __imp___glewUniform1i
SceneBase.obj : error LNK2001: unresolved external symbol __imp___glewUniform3fv
SceneBase.obj : error LNK2001: unresolved external symbol __imp___glewUniformMatrix4fv
SceneBase.obj : error LNK2001: unresolved external symbol __imp___glewUseProgram
SceneBase.obj : error LNK2001: unresolved external symbol __imp___glewBindVertexArray
SceneBase.obj : error LNK2001: unresolved external symbol __imp___glewDeleteVertexArrays
SceneBase.obj : error LNK2001: unresolved external symbol __imp___glewGenVertexArrays
SceneFrog.obj : error LNK2019: unresolved external symbol "public: void __cdecl MS::Scale(struct Vector3)" (?Scale@MS@@QEAAXUVector3@@@Z) referenced in function "public: void __cdecl SceneFrog::RenderCoin(class FrogObject *)" (?RenderCoin@SceneFrog@@QEAAXPEAVFrogObject@@@Z)
SceneMaze.obj : error LNK2001: unresolved external symbol "public: void __cdecl MS::Scale(struct Vector3)" (?Scale@MS@@QEAAXUVector3@@@Z)
SceneTank.obj : error LNK2001: unresolved external symbol "public: void __cdecl MS::Scale(struct Vector3)" (?Scale@MS@@QEAAXUVector3@@@Z)
SceneMaze.obj : error LNK2019: unresolved external symbol "public: bool __cdecl Vector3::IsZero(void)const " (?IsZero@Vector3@@QEBA_NXZ) referenced in function "public: virtual void __cdecl SceneMaze::Update(double)" (?Update@SceneMaze@@UEAAXN@Z)
SceneTank.obj : error LNK2001: unresolved external symbol "public: bool __cdecl Vector3::IsZero(void)const " (?IsZero@Vector3@@QEBA_NXZ)
SceneMaze.obj : error LNK2019: unresolved external symbol "public: struct Vector3 & __cdecl Vector3::operator*=(float)" (??XVector3@@QEAAAEAU0@M@Z) referenced in function "public: float __cdecl SceneMaze::CheckCollision2(class PhysicsObject *,class PhysicsObject *)" (?CheckCollision2@SceneMaze@@QEAAMPEAVPhysicsObject@@0@Z)
SceneTank.obj : error LNK2001: unresolved external symbol "public: struct Vector3 & __cdecl Vector3::operator*=(float)" (??XVector3@@QEAAAEAU0@M@Z)
SceneMaze.obj : error LNK2019: unresolved external symbol "public: struct Vector3 __cdecl Vector3::Cross(struct Vector3 const &)const " (?Cross@Vector3@@QEBA?AU1@AEBU1@@Z) referenced in function "public: float __cdecl SceneMaze::CheckCollision2(class PhysicsObject *,class PhysicsObject *)" (?CheckCollision2@SceneMaze@@QEAAMPEAVPhysicsObject@@0@Z)
SceneTank.obj : error LNK2001: unresolved external symbol "public: struct Vector3 __cdecl Vector3::Cross(struct Vector3 const &)const " (?Cross@Vector3@@QEBA?AU1@AEBU1@@Z)
C:\Users\Mikc\Desktop\SP3\SP3-2.0\\Debug\Common.lib : warning LNK4272: library machine type 'x86' conflicts with target machine type 'x64'
C:\Users\Mikc\Desktop\SP3\SP3-2.0\\glew\lib\glew32.lib : warning LNK4272: library machine type 'x86' conflicts with target machine type 'x64'
C:\Users\Mikc\Desktop\SP3\SP3-2.0\\glfw\lib-vc2015\glfw3.lib : warning LNK4272: library machine type 'x86' conflicts with target machine type 'x64'
C:\Users\Mikc\Desktop\SP3\SP3-2.0\Debug\Studio Project.exe : fatal error LNK1120: 95 unresolved externals
